Сборка начата 12.12.2024 15:05:11.
Уровень детализации журнала: Normal.     1>Проект "D:\University\Рефераты\Доп. задание ЛК6\convert_numeral_system\convert_numeral_system\convert_numeral_system.vcxproj" в узле 2 (целевые объекты Build).
     1>PrepareForBuild:
         Структурированный вывод включен. Форматирование диагностики компилятора будет отражать иерархию ошибок. Подробнее см. https://aka.ms/cpp/structured-output.
         Создание каталога "x64\Release\convert_.6ea47a7b.tlog\".
       InitializeBuildStatus:
         Создание "x64\Release\convert_.6ea47a7b.tlog\unsuccessfulbuild", так как было задано "AlwaysCreate".
         Обращение к "x64\Release\convert_.6ea47a7b.tlog\unsuccessfulbuild".
       ClCompile:
         C:\Program Files\Microsoft Visual Studio\2022\Community\VC\Tools\MSVC\14.41.34120\bin\HostX64\x64\CL.exe /c /Zi /nologo /W3 /WX- /diagnostics:column /sdl /O2 /Oi /GL /D NDEBUG /D _CONSOLE /D _UNICODE /D UNICODE /Gm- /EHsc /MD /GS /Gy /fp:precise /Zc:wchar_t /Zc:forScope /Zc:inline /permissive- /Fo"x64\Release\\" /Fd"x64\Release\vc143.pdb" /external:W3 /Gd /TP /FC /errorReport:prompt main.cpp
         main.cpp
       Link:
         C:\Program Files\Microsoft Visual Studio\2022\Community\VC\Tools\MSVC\14.41.34120\bin\HostX64\x64\link.exe /ERRORREPORT:PROMPT /OUT:"D:\University\Рефераты\Доп. задание ЛК6\convert_numeral_system\x64\Release\convert_numeral_system.exe" /NOLOGO kernel32.lib user32.lib gdi32.lib winspool.lib comdlg32.lib advapi32.lib shell32.lib ole32.lib oleaut32.lib uuid.lib odbc32.lib odbccp32.lib /MANIFEST /MANIFESTUAC:"level='asInvoker' uiAccess='false'" /manifest:embed /DEBUG /PDB:"D:\University\Рефераты\Доп. задание ЛК6\convert_numeral_system\x64\Release\convert_numeral_system.pdb" /SUBSYSTEM:CONSOLE /OPT:REF /OPT:ICF /LTCG:incremental /LTCGOUT:"x64\Release\convert_numeral_system.iobj" /TLBID:1 /DYNAMICBASE /NXCOMPAT /IMPLIB:"D:\University\Рефераты\Доп. задание ЛК6\convert_numeral_system\x64\Release\convert_numeral_system.lib" /MACHINE:X64 x64\Release\main.obj
         Создание кода
         Previous IPDB not found, fall back to full compilation.
         All 148 functions were compiled because no usable IPDB/IOBJ from previous compilation was found.
         Создание кода завершено
         convert_numeral_system.vcxproj -> D:\University\Рефераты\Доп. задание ЛК6\convert_numeral_system\x64\Release\convert_numeral_system.exe
       FinalizeBuildStatus:
         Файл "x64\Release\convert_.6ea47a7b.tlog\unsuccessfulbuild" удаляется.
         Обращение к "x64\Release\convert_.6ea47a7b.tlog\convert_numeral_system.lastbuildstate".
     1>Сборка проекта "D:\University\Рефераты\Доп. задание ЛК6\convert_numeral_system\convert_numeral_system\convert_numeral_system.vcxproj" завершена (целевые объекты Build).

Сборка успешно завершена.
    Предупреждений: 0
    Ошибок: 0

Прошло времени 00:00:01.47
